Loading graph, metadata, and text...
Graph, metadata, and text loaded.
Graph has 6545 nodes and 32874 edges.
Loaded 6545 folder to ID mappings.
Loaded 6545 titles and 6545 abstracts.
Seeding everything with seed 42...
Seeding complete.
Loading graph, metadata, and text...
Graph, metadata, and text loaded.
Full graph has 6545 nodes and 32874 edges.
Loaded 6545 folder mappings, 6545 titles, and 6545 abstracts.
Splitting graph into train/test nodes...
Train subgraph with 5236 nodes and 20225 edges saved.
1309 test nodes saved.
Loading train subgraph and test nodes...
Loaded train subgraph with 5236 nodes and 20225 edges.
Loaded 1309 test nodes.
Seeding everything with seed 42...
Seeding complete.
Loading graph, metadata, and text...
Graph, metadata, and text loaded.
Full graph has 6545 nodes and 32874 edges.
Loaded 6545 folder mappings, 6545 titles, and 6545 abstracts.
Loading train subgraph and test nodes...
Loaded train subgraph with 5236 nodes and 20225 edges.
Loaded 1309 test nodes.
Seeding everything with seed 42...
Seeding complete.
Loading graph, metadata, and text...
Graph, metadata, and text loaded.
Full graph has 6545 nodes and 32874 edges.
Loaded 6545 folder mappings, 6545 titles, and 6545 abstracts.
Loading train subgraph and test nodes...
Loaded train subgraph with 5236 nodes and 20225 edges.
Loaded 1309 test nodes.
Loading SPECTER model...
Seeding everything with seed 42...
Seeding complete.
Loading graph, metadata, and text...
Graph, metadata, and text loaded.
Full graph has 6545 nodes and 32874 edges.
Loaded 6545 folder mappings, 6545 titles, and 6545 abstracts.
Loading train subgraph and test nodes...
Loaded train subgraph with 5236 nodes and 20225 edges.
Loaded 1309 test nodes.
Loading SPECTER model...
Seeding everything with seed 42...
Seeding complete.
Loading graph, metadata, and text...
Graph, metadata, and text loaded.
Full graph has 6545 nodes and 32874 edges.
Loaded 6545 folder mappings, 6545 titles, and 6545 abstracts.
Loading train subgraph and test nodes...
Loaded train subgraph with 5236 nodes and 20225 edges.
Loaded 1309 test nodes.
Loading SPECTER model...
Seeding everything with seed 42...
Seeding complete.
Loading graph, metadata, and text...
Graph, metadata, and text loaded.
Full graph has 6545 nodes and 32874 edges.
Loaded 6545 folder mappings, 6545 titles, and 6545 abstracts.
Loading train subgraph and test nodes...
Loaded train subgraph with 5236 nodes and 20225 edges.
Loaded 1309 test nodes.
Loading SPECTER model...
SPECTER loaded.
Encoding train paper embeddings...
Train embeddings complete.
Evaluating link prediction with k = 10 over 1309 test nodes...
Evaluation complete. Average score: 0.7097
Final Recall@10 style score: 0.7097
Seeding everything with seed 42...
Seeding complete.
Loading graph, metadata, and text...
Graph, metadata, and text loaded.
Full graph has 6545 nodes and 32874 edges.
Loaded 6545 folder mappings, 6545 titles, and 6545 abstracts.
Loading train subgraph and test nodes...
Loaded train subgraph with 5236 nodes and 20225 edges.
Loaded 1309 test nodes.
Loading SPECTER model...
SPECTER loaded.
Evaluating link prediction with k = 20 over 1309 test nodes...
Evaluation complete. Average score: 0.7655
Final Recall@20 style score: 0.7655
Seeding everything with seed 42...
Seeding complete.
Loading graph, metadata, and text...
Graph, metadata, and text loaded.
Full graph has 6545 nodes and 32874 edges.
Loaded 6545 folder mappings, 6545 titles, and 6545 abstracts.
Loading train subgraph and test nodes...
Loaded train subgraph with 5236 nodes and 20225 edges.
Loaded 1309 test nodes.
Loading SPECTER model...
SPECTER loaded.
Evaluating link prediction with k = 50 over 1309 test nodes...
Evaluation complete. Average score: 0.8442
Final Recall@50 style score: 0.8442
